<?xml version="1.0" encoding="UTF-8"?>
<!-- Generated by org.testng.reporters.JUnitReportReporter -->
<testsuite skipped="0" hostname="Kirupa-PC" name="week9Day2.PayPalTestCase" tests="1" failures="0" timestamp="27 May 2018 13:08:24 GMT" time="69.341" errors="0">
  <testcase name="loginAndLogout" time="69.341" classname="week9Day2.PayPalTestCase"/>
</testsuite> <!-- week9Day2.PayPalTestCase -->
